{
  "RSpec": {
    "coverage": {
      "/Users/student/Desktop/Battle/spec/features/attack_spec.rb": [
        null,
        null,
        null,
        null,
        1,
        1,
        0,
        0,
        0,
        null,
        null
      ],
      "/Users/student/Desktop/Battle/spec/features/entering_names_spec.rb": [
        null,
        null,
        null,
        null,
        1,
        1,
        0,
        0,
        null,
        null
      ],
      "/Users/student/Desktop/Battle/spec/features/testing_infrastructure_spec.rb": [
        1,
        1,
        0,
        0,
        null,
        null
      ],
      "/Users/student/Desktop/Battle/spec/features/view_hitpoints_spec.rb": [
        null,
        null,
        null,
        null,
        1,
        1,
        0,
        0,
        null,
        null
      ],
      "/Users/student/Desktop/Battle/spec/player_spec.rb": [
        1,
        null,
        0,
        0,
        0,
        0,
        0,
        null,
        null,
        null
      ]
    },
    "timestamp": 1566571754
  }
}
